
> pet-claim-helper@0.0.1 dev
> concurrently -k "vite" "node -r dotenv/config server/index.js dotenv_config_path=server/.env.local"

[0] 11:01:37 AM [vite] (client) Re-optimizing dependencies because lockfile has changed
[0] 
[0]   VITE v7.2.4  ready in 155 ms
[0] 
[0]   âžœ  Local:   http://localhost:5173/
[0]   âžœ  Network: http://192.168.1.238:5173/
[1] Warning: Please use the `legacy` build in Node.js environments.
[1] RESEND_API_KEY: Found re_9C3oP1b
[1] [dotenv@17.2.3] injecting env (5) from .env.local -- tip: ðŸ” encrypt with Dotenvx: https://dotenvx.com
[1] Deadline reminders route registered
[1] [Cron] Deadline reminders scheduled for 9 AM Pacific Time daily (0 17 * * * UTC = 9 AM PST/PDT)
[1] node:events:497
[1]       throw er; // Unhandled 'error' event
[1]       ^
[1] 
[1] Error: listen EADDRINUSE: address already in use :::8787
[1]     at Server.setupListenHandle [as _listen2] (node:net:1940:16)
[1]     at listenInCluster (node:net:1997:12)
[1]     at Server.listen (node:net:2102:7)
[1]     at Function.listen (/Users/larrylevin/Downloads/pet-claim-helper/server/node_modules/express/lib/application.js:635:24)
[1]     at startServer (file:///Users/larrylevin/Downloads/pet-claim-helper/server/index.js:1962:7)
[1]     at file:///Users/larrylevin/Downloads/pet-claim-helper/server/index.js:1967:1
[1]     at ModuleJob.run (node:internal/modules/esm/module_job:345:25)
[1]     at async onImport.tracePromise.__proto__ (node:internal/modules/esm/loader:665:26)
[1]     at async asyncRunEntryPointWithESMLoader (node:internal/modules/run_main:117:5)
[1] Emitted 'error' event on Server instance at:
[1]     at emitErrorNT (node:net:1976:8)
[1]     at process.processTicksAndRejections (node:internal/process/task_queues:90:21) {
[1]   code: 'EADDRINUSE',
[1]   errno: -48,
[1]   syscall: 'listen',
[1]   address: '::',
[1]   port: 8787
[1] }
[1] 
[1] Node.js v22.20.0
[1] node -r dotenv/config server/index.js dotenv_config_path=server/.env.local exited with code 1
--> Sending SIGTERM to other processes..
[0] /Users/larrylevin/Downloads/pet-claim-helper/node_modules/esbuild/lib/main.js:949
[0]       if (error) return callback(new Error(error), null);
[0]                                  ^
[0] 
[0] Error: The service was stopped
[0]     at /Users/larrylevin/Downloads/pet-claim-helper/node_modules/esbuild/lib/main.js:949:34
[0]     at responseCallbacks.<computed> (/Users/larrylevin/Downloads/pet-claim-helper/node_modules/esbuild/lib/main.js:603:9)
[0]     at Socket.afterClose (/Users/larrylevin/Downloads/pet-claim-helper/node_modules/esbuild/lib/main.js:594:28)
[0]     at Socket.emit (node:events:531:35)
[0]     at endReadableNT (node:internal/streams/readable:1698:12)
[0]     at process.processTicksAndRejections (node:internal/process/task_queues:90:21)
[0] 
[0] Node.js v22.20.0
[0] vite exited with code 1
